<?xml version="1.0" encoding="UTF-8"?>
<!-- Generated by org.testng.reporters.JUnitReportReporter -->
<testsuite hostname="DellJuanPablo" name="com.jpablo.selenium.NewProjectSeleniumMaven.WordsFile" tests="1" failures="0" timestamp="19 Sep 2015 17:25:37 GMT" time="194.245" errors="0">
  <testcase name="getWordsFromTXT" time="194.245" classname="com.jpablo.selenium.NewProjectSeleniumMaven.WordsFile"/>
</testsuite> <!-- com.jpablo.selenium.NewProjectSeleniumMaven.WordsFile -->
