<?xml version="1.0" encoding="UTF-8"?>
<!-- Generated by org.testng.reporters.JUnitReportReporter -->
<testsuite hostname="DellJuanPablo" name="com.jpablo.selenium.NewProjectSeleniumMaven.NavigateWikipedia" tests="7" failures="0" timestamp="19 Sep 2015 17:25:37 GMT" time="247.739" errors="0">
  <testcase name="doSearchAutoSuggestIndex" time="46.102" classname="com.jpablo.selenium.NewProjectSeleniumMaven.NavigateWikipedia"/>
  <testcase name="clickWikiMainImage" time="20.059" classname="com.jpablo.selenium.NewProjectSeleniumMaven.NavigateWikipedia"/>
  <testcase name="searchMainWikiPage" time="25.134" classname="com.jpablo.selenium.NewProjectSeleniumMaven.NavigateWikipedia"/>
  <testcase name="openWikipediaEn" time="11.243" classname="com.jpablo.selenium.NewProjectSeleniumMaven.NavigateWikipedia"/>
  <testcase name="doSearchAutoSuggest" time="58.899" classname="com.jpablo.selenium.NewProjectSeleniumMaven.NavigateWikipedia"/>
  <testcase name="openWikipediaEs" time="16.440" classname="com.jpablo.selenium.NewProjectSeleniumMaven.NavigateWikipedia"/>
  <testcase name="searchWikipediaEN" time="69.862" classname="com.jpablo.selenium.NewProjectSeleniumMaven.NavigateWikipedia"/>
</testsuite> <!-- com.jpablo.selenium.NewProjectSeleniumMaven.NavigateWikipedia -->
