<?xml version="1.0" encoding="UTF-8"?>
<!-- Generated by org.testng.reporters.JUnitReportReporter -->
<testsuite hostname="DellJuanPablo" name="com.jpablo.selenium.NewProjectSeleniumMaven.MainWikipedia" tests="3" failures="0" timestamp="19 Sep 2015 17:25:37 GMT" time="62.065" errors="0">
  <testcase name="openMainWikiEN" time="20.615" classname="com.jpablo.selenium.NewProjectSeleniumMaven.MainWikipedia"/>
  <testcase name="openMainWikiES" time="23.268" classname="com.jpablo.selenium.NewProjectSeleniumMaven.MainWikipedia"/>
  <testcase name="openMainWikiDE" time="18.182" classname="com.jpablo.selenium.NewProjectSeleniumMaven.MainWikipedia"/>
</testsuite> <!-- com.jpablo.selenium.NewProjectSeleniumMaven.MainWikipedia -->
