<?xml version="1.0" encoding="UTF-8"?>
<!-- Generated by org.testng.reporters.JUnitReportReporter -->
<testsuite hostname="DellJuanPablo" name="com.jpablo.selenium.NewProjectSeleniumMaven.WordsFile" tests="1" failures="0" timestamp="22 Sep 2015 03:27:17 GMT" time="174.176" errors="0">
  <testcase name="getWordsFromTXT" time="174.176" classname="com.jpablo.selenium.NewProjectSeleniumMaven.WordsFile"/>
</testsuite> <!-- com.jpablo.selenium.NewProjectSeleniumMaven.WordsFile -->
