<?xml version="1.0" encoding="UTF-8"?>
<!-- Generated by org.testng.reporters.JUnitReportReporter -->
<testsuite hostname="DellJuanPablo" name="com.jpablo.selenium.NewProjectSeleniumMaven.MainWikipedia" tests="3" failures="0" timestamp="22 Sep 2015 03:27:17 GMT" time="108.825" errors="0">
  <testcase name="openMainWikiES" time="34.297" classname="com.jpablo.selenium.NewProjectSeleniumMaven.MainWikipedia"/>
  <testcase name="openMainWikiEN" time="38.943" classname="com.jpablo.selenium.NewProjectSeleniumMaven.MainWikipedia"/>
  <testcase name="openMainWikiDE" time="35.585" classname="com.jpablo.selenium.NewProjectSeleniumMaven.MainWikipedia"/>
</testsuite> <!-- com.jpablo.selenium.NewProjectSeleniumMaven.MainWikipedia -->
