<?xml version="1.0" encoding="UTF-8"?>
<!-- Generated by org.testng.reporters.JUnitReportReporter -->
<testsuite hostname="DellJuanPablo" name="com.jpablo.selenium.NewProjectSeleniumMaven.WordsFile" tests="1" failures="0" timestamp="4 Sep 2015 04:53:27 GMT" time="167.690" errors="0">
  <testcase name="getWordsFromTXT" time="167.690" classname="com.jpablo.selenium.NewProjectSeleniumMaven.WordsFile"/>
</testsuite> <!-- com.jpablo.selenium.NewProjectSeleniumMaven.WordsFile -->
