<?xml version="1.0" encoding="UTF-8"?>
<!-- Generated by org.testng.reporters.JUnitReportReporter -->
<testsuite hostname="DellJuanPablo" name="com.jpablo.selenium.NewProjectSeleniumMaven.CorreoDemo" tests="1" failures="0" timestamp="17 Dec 2015 06:05:22 GMT" time="27.531" errors="0">
  <testcase name="autheticate" time="27.531" classname="com.jpablo.selenium.NewProjectSeleniumMaven.CorreoDemo"/>
</testsuite> <!-- com.jpablo.selenium.NewProjectSeleniumMaven.CorreoDemo -->
