<?xml version="1.0" encoding="UTF-8"?>
<!-- Generated by org.testng.reporters.JUnitReportReporter -->
<testsuite hostname="DellJuanPablo" name="com.jpablo.selenium.NewProjectSeleniumMaven.SearchWikipedia" tests="1" failures="0" timestamp="22 Sep 2015 03:08:16 GMT" time="37.782" errors="0">
  <testcase name="searchWikipediaES" time="37.782" classname="com.jpablo.selenium.NewProjectSeleniumMaven.SearchWikipedia"/>
</testsuite> <!-- com.jpablo.selenium.NewProjectSeleniumMaven.SearchWikipedia -->
