<?xml version="1.0" encoding="UTF-8"?>
<!-- Generated by org.testng.reporters.JUnitReportReporter -->
<testsuite hostname="DellJuanPablo" name="com.jpablo.selenium.NewProjectSeleniumMaven.SearchWikipedia" tests="4" failures="0" timestamp="3 Sep 2015 05:00:56 GMT" time="140.047" errors="0">
  <testcase name="searchMainWikiPage" time="27.319" classname="com.jpablo.selenium.NewProjectSeleniumMaven.SearchWikipedia"/>
  <testcase name="doSearchAutoSuggestIndex" time="22.530" classname="com.jpablo.selenium.NewProjectSeleniumMaven.SearchWikipedia"/>
  <testcase name="searchWikipediaEN" time="68.209" classname="com.jpablo.selenium.NewProjectSeleniumMaven.SearchWikipedia"/>
  <testcase name="doSearchAutoSuggest" time="21.989" classname="com.jpablo.selenium.NewProjectSeleniumMaven.SearchWikipedia"/>
</testsuite> <!-- com.jpablo.selenium.NewProjectSeleniumMaven.SearchWikipedia -->
